DATE: 2019-04-23
TIME: 12:46:52
run inlist_to_zams_header
DATE: 2019-04-23
TIME: 12:46:52
                                         version_number       11554
 read ../../inlist_massive_defaults
 read inlist_set_alpha_mlt
 read inlist_common
 read inlist_to_zams
 create pre-main-sequence model
                                          species  mass           8    1.2000000000000000D+01

                                        relax_num_steps

 retry       1
         10   5.477603   4403.097 -21.664067 -21.664067  12.000000  12.000000   0.760000   0.000000   0.240000   0.760000 -12.633865    330      1
  -5.000000  -5.290916   2.446878 -99.000000 -23.061935 -99.000000   0.000000   0.240000   0.000000  -0.99E+02   0.240000   0.014070      3      0
 9.5000E-05   8.344634   4.422271   0.623315   3.408934  -8.007569   0.000000   0.000000   0.000000  0.000E+00  0.000E+00  0.000E+00        max_dt

         20   5.477603   4409.028 -21.664076 -21.664076  12.000000  12.000000   0.760000   0.000000   0.240000   0.760000 -12.633865    330      1
  -5.000000  -5.290916   2.446967 -99.000000 -23.061944 -99.000000   0.000000   0.240000   0.000000  -0.99E+02   0.240000   0.014070      3      0
 1.9500E-04   8.344634   4.424788   0.623136   3.402284  -8.014810   0.000000   0.000000   0.000000  0.000E+00  0.000E+00  0.000E+00        max_dt

         30   5.477604   4408.803 -21.664058 -21.664058  12.000000  12.000000   0.760000   0.000000   0.240000   0.760000 -12.633864    330      1
  -5.000000  -5.290914   2.447013 -99.000000 -23.061926 -99.000000   0.000000   0.240000   0.000000  -0.99E+02   0.240000   0.014070      3      0
 2.9500E-04   8.344638   4.424791   0.623045   3.402470  -8.014602   0.000000   0.000000   0.000000  0.000E+00  0.000E+00  0.000E+00        max_dt

         40   5.477605   4409.386 -21.664044 -21.664044  12.000000  12.000000   0.760000   0.000000   0.240000   0.760000 -12.633862    330      1
  -5.000000  -5.290911   2.447066 -99.000000 -23.061912 -99.000000   0.000000   0.240000   0.000000  -0.99E+02   0.240000   0.014070      3      0
 3.9500E-04   8.344642   4.425127   0.622938   3.401756  -8.015374   0.000000   0.000000   0.000000  0.000E+00  0.000E+00  0.000E+00        max_dt

         50   5.477606   4410.936 -21.664033 -21.664033  12.000000  12.000000   0.760000   0.000000   0.240000   0.760000 -12.633862    330      1
  -5.000000  -5.290910   2.447128 -99.000000 -23.061901 -99.000000   0.000000   0.240000   0.000000  -0.99E+02   0.240000   0.014070      3      0
 4.9500E-04   8.344645   4.425860   0.622816   3.399971  -8.017314   0.000000   0.000000   0.000000  0.000E+00  0.000E+00  0.000E+00        max_dt

         60   5.477607   4413.064 -21.664025 -21.664025  12.000000  12.000000   0.760000   0.000000   0.240000   0.760000 -12.633861    330      1
  -5.000000  -5.290908   2.447193 -99.000000 -23.061893 -99.000000   0.000000   0.240000   0.000000  -0.99E+02   0.240000   0.014070      3      0
 5.9500E-04   8.344647   4.426830   0.622684   3.397549  -8.019948   0.000000   0.000000   0.000000  0.000E+00  0.000E+00  0.000E+00        max_dt

         70   5.477608   4415.492 -21.664017 -21.664017  12.000000  12.000000   0.760000   0.000000   0.240000   0.760000 -12.633860    330      1
  -5.000000  -5.290907   2.447261 -99.000000 -23.061885 -99.000000   0.000000   0.240000   0.000000  -0.99E+02   0.240000   0.014070      3      0
 6.9500E-04   8.344649   4.427921   0.622548   3.394799  -8.022940   0.000000   0.000000   0.000000  0.000E+00  0.000E+00  0.000E+00        max_dt

         80   5.477608   4418.061 -21.664011 -21.664011  12.000000  12.000000   0.760000   0.000000   0.240000   0.760000 -12.633859    331      1
  -5.000000  -5.290905   2.447330 -99.000000 -23.061879 -99.000000   0.000000   0.240000   0.000000  -0.99E+02   0.240000   0.014070      3      0
 7.9500E-04   8.344651   4.429068   0.622412   3.391900  -8.026095   0.000000   0.000000   0.000000  0.000E+00  0.000E+00  0.000E+00        max_dt

         90   5.477609   4420.680 -21.664004 -21.664004  12.000000  12.000000   0.760000   0.000000   0.240000   0.760000 -12.633859    331      1
  -5.000000  -5.290904   2.447398 -99.000000 -23.061872 -99.000000   0.000000   0.240000   0.000000  -0.99E+02   0.240000   0.014070      3      0
 8.9500E-04   8.344653   4.430234   0.622275   3.388951  -8.029305   0.000000   0.000000   0.000000  0.000E+00  0.000E+00  0.000E+00        max_dt


__________________________________________________________________________________________________________________________________________________

       step    lg_Tcntr    Teff     lg_LH       lg_Lnuc     Mass       H_rich     H_cntr     N_cntr     Y_surf     X_avg     eta_cntr  zones retry
   lg_dt_yr    lg_Dcntr    lg_R     lg_L3a      lg_Lneu     lg_Mdot    He_core    He_cntr    O_cntr     lg_Z_surf  Y_avg     gam_cntr  iters bckup
     age_yr    lg_Pcntr    lg_L     lg_gsurf    lg_Psurf    lg_Dsurf   C_core     C_cntr     Ne_cntr    Z_cntr     Z_avg     v_div_cs     dt_limit
__________________________________________________________________________________________________________________________________________________

        100   5.477610   4423.298 -21.663997 -21.663997  12.000000  12.000000   0.760000   0.000000   0.240000   0.760000 -12.633858    331      1
  -5.000000  -5.290903   2.447465 -99.000000 -23.061865 -99.000000   0.000000   0.240000   0.000000  -0.99E+02   0.240000   0.014070      3      0
 9.9500E-04   8.344655   4.431398   0.622140   3.386010  -8.032506   0.000000   0.000000   0.000000  0.000E+00  0.000E+00  0.000E+00        max_dt


                               finished relax_num_steps

                                        set_initial_age    0.0000000000000000D+00
                               set_initial_model_number           0
 new_v_flag T
 net name basic.net
 use_gold_tolerances T
 v_flag T
 kappa_file_prefix gs98
 kappa_lowT_prefix lowT_fa05_gs98
                                        OMP_NUM_THREADS          48


 retry       1
                           1st model retry log10(dt/yr)   -5.3010299956639804D+00
         10   5.477597   4566.083 -21.664373 -21.664373  12.000000  12.000000   0.760000   0.000000   0.240000   0.760000 -12.634062    312      1
  -4.588399  -5.291011   2.448821 -99.000000 -23.062241  -6.339529   0.000000   0.240000   0.000000  -0.16E+02   0.240000   0.014069      5      0
 1.2979E-04   8.344541   4.489300   0.619428   3.237347  -8.195130   0.000000   0.000000   0.000000  0.000E+00  4.441E-16  0.000E+00  max increase
                                  radius      281.0742543163907499

         20   5.477611   4460.310 -21.664020 -21.664020  12.000000  12.000000   0.760000   0.000000   0.240000   0.760000 -12.633837    312      1
  -3.796586  -5.290892   2.448339 -99.000000 -23.061888  -6.405247   0.000000   0.240000   0.000000  -0.99E+02   0.240000   0.014070      3      0
 9.3344E-04   8.344667   4.447619   0.620393   3.345164  -8.077015   0.000000   0.000000   0.000000  0.000E+00  2.220E-16  0.000E+00  max increase
                                  radius      280.7621454916444463

         30   5.477633   4498.298 -21.663576 -21.663576  12.000000  12.000000   0.760000   0.000000   0.240000   0.760000 -12.633466    313      1
  -3.004774  -5.290695   2.450115 -99.000000 -23.061445  -6.385527   0.000000   0.240000   0.000000  -0.16E+02   0.240000   0.014071      3      0
 5.9094E-03   8.344874   4.465905   0.616841   3.303270  -8.122637   0.000000   0.000000   0.000000  0.000E+00  0.000E+00  0.000E+00  max increase
                                  radius      281.9127553464060725

         40   5.477745   4591.055 -21.660890 -21.660890  12.000000  12.000000   0.760000   0.000000   0.240000   0.760000 -12.631558    318      1
  -2.212961  -5.289688   2.455620 -99.000000 -23.058758  -6.319469   0.000000   0.240000   0.000000  -0.99E+02   0.240000   0.014079      3      0
 3.6719E-02   8.345930   4.512371   0.605831   3.203774  -8.231106   0.000000   0.000000   0.000000  0.000E+00  0.000E+00  0.000E+00  max increase
                                  radius      285.5088346976071421

         50   5.478177   4633.422 -21.649406 -21.649406  12.000000  12.000000   0.760000   0.000000   0.240000   0.760000 -12.623968    318      1
  -1.421149  -5.285711   2.462162 -99.000000 -23.047275  -6.270959   0.000000   0.240000   0.000000  -0.99E+02   0.240000   0.014108      4      0
 2.2749E-01   8.350091   4.541413   0.592748   3.154426  -8.284501   0.000000   0.000000   0.000000  0.000E+00  0.000E+00  0.000E+00  max increase
                                  radius      289.8421348086976082

save LOGS/profile1.data for model 50
save photos/x050 for model 50
         60   5.480962   4640.575 -21.593842 -21.593842  11.999999  11.999999   0.760000   0.000000   0.240000   0.760000 -12.612399    318      1
  -0.629336  -5.276481   2.461427 -99.000000 -22.991710  -6.265480   0.000000   0.240000   0.000000  -0.99E+02   0.240000   0.014117      6      0
 1.4087E+00   8.362026   4.542623   0.594217   3.148719  -8.290885   0.000000   0.000000   0.000000  0.000E+00  3.331E-16 -0.565E-02  max increase
                                  radius      289.3522222209230108

         70   5.498860   4653.727 -21.273402 -21.273402  11.999995  11.999995   0.760000   0.000000   0.240000   0.760000 -12.563804    333      1
   0.162476  -5.229046   2.445257 -99.000000 -22.671270  -6.308060   0.000000   0.240000   0.000000  -0.16E+02   0.240000   0.014050      5      0
 8.7222E+00   8.427942   4.515200   0.626556   3.158742  -8.282087   0.000000   0.000000   0.000000  0.000E+00  5.551E-16 -0.465E-02  max increase
                                  radius      278.7772723668041976

         80   5.560909   4712.547 -20.100025 -20.100025  11.999981  11.999981   0.760000   0.000000   0.240000   0.760000 -12.350108    339      1
   0.751328  -5.042710   2.384197 -99.000000 -21.497893  -6.478726   0.000000   0.240000   0.000000  -0.99E+02   0.240000   0.014052      5      0
 4.4296E+01   8.676311   4.414899   0.748676   3.188999  -8.257277   0.000000   0.000000   0.000000  0.000E+00  2.220E-16 -0.280E-02    lgRho_cntr
                                  radius      242.2128244538739352

         90   5.633749   4779.438 -18.781365 -18.781365  11.999966  11.999966   0.760000   0.000000   0.240000   0.760000 -12.096859    343      1
   0.839132  -4.823928   2.311977 -99.000000 -20.179233  -6.706364   0.000000   0.240000   0.000000  -0.99E+02   0.240000   0.014054      5      0
 1.0773E+02   8.967909   4.294944   0.893115   3.228877  -8.223503   0.000000   0.000000   0.000000  0.000E+00  0.000E+00 -0.151E-02    lgRho_cntr
                                  radius      205.1054749306127007


__________________________________________________________________________________________________________________________________________________

       step    lg_Tcntr    Teff     lg_LH       lg_Lnuc     Mass       H_rich     H_cntr     N_cntr     Y_surf     X_avg     eta_cntr  zones retry
   lg_dt_yr    lg_Dcntr    lg_R     lg_L3a      lg_Lneu     lg_Mdot    He_core    He_cntr    O_cntr     lg_Z_surf  Y_avg     gam_cntr  iters bckup
     age_yr    lg_Pcntr    lg_L     lg_gsurf    lg_Psurf    lg_Dsurf   C_core     C_cntr     Ne_cntr    Z_cntr     Z_avg     v_div_cs     dt_limit
__________________________________________________________________________________________________________________________________________________

        100   5.709176   4850.262 -17.480403 -17.480403  11.999951  11.999951   0.760000   0.000000   0.240000   0.760000 -11.835997    343      1
   1.155859  -4.597416   2.236742 -99.000000 -18.878271  -6.931240   0.000000   0.240000   0.000000  -0.99E+02   0.240000   0.014057      5      0
 2.1138E+02   9.269825   4.170028   1.043584   3.271210  -8.187544   0.000000   0.000000   0.000000  0.000E+00  4.441E-16 -0.798E-03    lgRho_cntr
                                  radius      172.4814766122409253

save LOGS/profile2.data for model 100
save photos/x100 for model 100
        110   5.782247   4922.896 -16.279167 -16.279167  11.999937  11.999937   0.760000   0.000000   0.240000   0.760000 -11.585702    352      1
   1.235230  -4.378035   2.163524 -99.000000 -17.677035  -7.161939   0.000000   0.240000   0.000000  -0.99E+02   0.240000   0.014059      5      0
 3.6960E+02   9.562260   4.049413   1.190021   3.311209  -8.153994   0.000000   0.000000   0.000000  0.000E+00  4.441E-16 -0.427E-03    lgRho_cntr
                                  radius      145.7215823228424085

        120   5.852510   4995.930 -15.148177 -15.148177  11.999924  11.999924   0.760000   0.000000   0.240000   0.760000 -11.317883    358      1
   1.461401  -4.156174   2.090931 -99.000000 -16.546045  -7.382738   0.000000   0.240000   0.000000  -0.99E+02   0.240000   0.014179      9      0
 6.1464E+02   9.853365   3.929809   1.335206   3.352124  -8.119463   0.000000   0.000000   0.000000  0.000E+00  0.000E+00 -0.229E-03  max increase
                                  radius      123.2908581293478392

        130   5.913521   5065.548 -14.175120 -14.175120  11.999913  11.999913   0.760000   0.000000   0.240000   0.760000 -11.024527    369      1
   1.609164  -3.937691   2.025928 -99.000000 -15.572988  -7.584990   0.000000   0.240000   0.000000  -0.16E+02   0.240000   0.014570      9      0
 9.5775E+02  10.129742   3.823844   1.465211   3.387333  -8.090264   0.000000   0.000000   0.000000  0.000E+00  0.000E+00 -0.125E-03  max increase
                                  radius      106.1519930864856462

        140   5.970766   5124.940 -13.298175 -13.298175  11.999903  11.999903   0.760000   0.000000   0.240000   0.760000 -10.714597    357      1
   1.744105  -3.716775   1.969279 -99.000000 -14.696043  -7.759084   0.000000   0.240000   0.000000  -0.99E+02   0.240000   0.015130      9      0
 1.4319E+03  10.403946   3.730796   1.578509   3.420451  -8.062207   0.000000   0.000000   0.000000  0.000E+00  0.000E+00 -0.672E-04  max increase
                                  radius       93.1706315396963731

        150   6.027424   5183.134 -12.470677 -12.470677  11.999894  11.999894   0.760000   0.000000   0.240000   0.760000 -10.396147    358      1
   1.864478  -3.492986   1.923786 -99.000000 -13.868545  -7.898174   0.000000   0.240000   0.000000  -0.99E+02   0.240000   0.015768      9      0
 2.0666E+03  10.680509   3.659424   1.669495   3.440264  -8.047303   0.000000   0.000000   0.000000  0.000E+00  0.000E+00 -0.344E-04  max increase
                                  radius       83.9046029459812246

save LOGS/profile3.data for model 150
save photos/x150 for model 150
        160   6.085293   5231.894 -11.664269 -11.664269  11.999885  11.999885   0.760000   0.000000   0.240000   0.760000 -10.083462    362      1
   1.884221  -3.269318   1.894830 -99.000000 -13.062137  -7.986406   0.000000   0.240000   0.000000  -0.99E+02   0.240000   0.016386     10      0
 2.8675E+03  10.958810   3.617779   1.727406   3.445058  -8.046591   0.000000   0.000000   0.000000  0.000E+00  6.661E-16 -0.126E-04    lgRho_cntr
                                  radius       78.4928632697299520

        170   6.148797   5271.836 -10.823826 -10.823826  11.999876  11.999876   0.760000   0.000000   0.240000   0.760000  -9.775186    360      1
   1.982946  -3.040048   1.893269 -99.000000 -12.221694  -7.985519   0.000000   0.240000   0.000000  -0.99E+02   0.240000   0.016881      9      0
 3.8464E+03  11.249305   3.627869   1.730527   3.418933  -8.076055   0.000000   0.000000   0.000000  0.000E+00  3.331E-16  0.981E-05    lgRho_cntr
                                  radius       78.2112733092239409

        180   6.216502   5308.720  -9.976431  -9.976431  11.999863  11.999863   0.760000   0.000000   0.240000   0.760000  -9.504115    363      1
   1.978117  -2.821190   1.939956 -99.000000 -11.374299  -7.821565   0.000000   0.240000   0.000000  -0.99E+02   0.240000   0.017086     10      0
 4.8674E+03  11.534998   3.733354   1.637153   3.328540  -8.169578   0.000000   0.000000   0.000000  0.000E+00  2.220E-16  0.451E-04    lgRho_cntr
                                  radius       87.0875772884043187

        190   6.292544   5444.057  -9.077956  -9.077956  11.999841  11.999841   0.760000   0.000000   0.240000   0.760000  -9.263963    371      1
   2.014560  -2.602821   1.985949 -99.000000 -10.475823  -7.586130   0.000000   0.240000   0.000000  -0.99E+02   0.240000   0.016958     10      0
 5.8962E+03  11.829948   3.869070   1.545168   3.171857  -8.337482   0.000000   0.000000   0.000000  0.000E+00  8.882E-16 -0.315E-05    lgRho_cntr
                                  radius       96.8163345269663296


__________________________________________________________________________________________________________________________________________________

       step    lg_Tcntr    Teff     lg_LH       lg_Lnuc     Mass       H_rich     H_cntr     N_cntr     Y_surf     X_avg     eta_cntr  zones retry
   lg_dt_yr    lg_Dcntr    lg_R     lg_L3a      lg_Lneu     lg_Mdot    He_core    He_cntr    O_cntr     lg_Z_surf  Y_avg     gam_cntr  iters bckup
     age_yr    lg_Pcntr    lg_L     lg_gsurf    lg_Psurf    lg_Dsurf   C_core     C_cntr     Ne_cntr    Z_cntr     Z_avg     v_div_cs     dt_limit
__________________________________________________________________________________________________________________________________________________

        200   6.372730   6049.721  -8.174331  -8.174331  11.999811  11.999811   0.760000   0.000000   0.240000   0.760000  -9.033085    415      1
   2.130534  -2.381734   1.918085 -99.000000  -9.572199  -7.563084   0.000000   0.240000   0.000000  -0.16E+02   0.240000   0.016707     10      0
 7.0020E+03  12.132330   3.916593   1.680894   2.874736  -8.682316   0.000000   0.000000   0.000000 -2.220E-16  0.000E+00 -0.447E-04    lgRho_cntr
                                  radius       82.8103722540563183

save LOGS/profile4.data for model 200
save photos/x200 for model 200
        210   6.449932   6817.180  -7.334647  -7.334647  11.999780  11.999780   0.760000   0.000000   0.240000   0.760000  -8.799068    410      1
   2.069943  -2.164189   1.821668 -99.000000  -8.732515  -7.621850   0.000000   0.240000   0.000000  -0.99E+02   0.240000   0.016528      9      0
 8.2214E+03  12.427907   3.931238   1.873726   2.515759  -9.102945   0.000000   0.000000   0.000000  0.000E+00  0.000E+00 -0.231E-04    lgRho_cntr
                                  radius       66.3236584156372828

        220   6.526951   7659.086  -6.522088  -6.522088  11.999748  11.999748   0.760000   0.000000   0.240000   0.760000  -8.537256    414      1
   2.160384  -1.935041   1.718032 -99.000000  -7.919956  -7.713508   0.000000   0.240000   0.000000  -0.99E+02   0.240000   0.016503      9      0
 9.6939E+03  12.734188   3.926254   2.080997   2.087182  -9.635764   0.000000   0.000000   0.000000  1.110E-16  0.000E+00 -0.594E-05    lgRho_cntr
                                  radius       52.2434851372678253

        230   6.599113   8498.627  -5.787943  -5.787943  11.999719  11.999719   0.760000   0.000000   0.240000   0.760000  -8.263984    420      1
   2.338339  -1.708538   1.623996 -99.000000  -7.185810  -7.801322   0.000000   0.240000   0.000000  -0.99E+02   0.240000   0.016631     10      0
 1.1372E+04  13.032260   3.918870   2.269068   1.848665 -10.060111   0.000000   0.000000   0.000000  0.000E+00  0.000E+00 -0.156E-05    lgRho_cntr
                                  radius       42.0722824041246994

        240   6.667780   9363.667  -5.118227  -5.118227  11.999692  11.999692   0.760000   0.000000   0.240000   0.760000  -7.992885    423      1
   2.243890  -1.487434   1.544804 -82.016343  -6.516092  -7.860971   0.000000   0.240000   0.000000  -0.16E+02   0.240000   0.016825      9      0
 1.3224E+04  13.321163   3.928874   2.427452   1.868374 -10.199177   0.000000   0.000000   0.000000 -2.220E-16  0.000E+00  0.247E-05    lgRho_cntr
                                  radius       35.0593405651232857

        250   6.740618  1.039E+04  -4.440899  -4.440899  11.999665  11.999665   0.760000   0.000000   0.240000   0.760000  -7.710616    429      1
   2.351671  -1.255164   1.472360 -76.368192  -5.838764  -8.017278   0.000000   0.240000   0.000000  -0.99E+02   0.240000   0.017003      9      0
 1.5368E+04  13.625503   3.964091   2.572338   2.003997 -10.156826   0.000000   0.000000   0.000000 -2.220E-16  0.000E+00  0.141E-05    lgRho_cntr
                                  radius       29.6729263325063428

save LOGS/profile5.data for model 250
save photos/x250 for model 250
        260   6.811479  1.151E+04  -3.812559  -3.812559  11.999659  11.999659   0.760000   0.000000   0.240000   0.760000  -7.449988    430      1
   2.314351  -1.035350   1.408634 -71.155474  -5.210422 -10.148803   0.000000   0.240000   0.000000  -0.99E+02   0.240000   0.017098      9      0
 1.7554E+04  13.915784   4.014705   2.699790   2.178904 -10.042609   0.000000   0.000000   0.000000 -2.220E-16  0.000E+00 -0.226E-05    lgRho_cntr
                                  radius       25.6232391925911394

        270   6.888008  1.287E+04  -3.164955  -3.164955  11.999659  11.999659   0.760000   0.000000   0.240000   0.760000  -7.184230    430      1
   2.490186  -0.805669   1.341083 -65.820950  -4.562825  -9.973185   0.000000   0.240000   0.000000  -0.99E+02   0.240000   0.017099     10      0
 1.9993E+04  14.221991   4.073543   2.834892   2.384669  -9.901563   0.000000   0.000000   0.000000  0.000E+00  8.882E-16 -0.169E-05    lgRho_cntr
                                  radius       21.9322359986903024

        280   6.964291  1.439E+04  -2.547930  -2.547930  11.999659  11.999659   0.760000   0.000000   0.240000   0.760000  -6.935254    431      1
   2.384405  -0.582742   1.271037 -60.786745  -3.945917  -9.795364   0.000000   0.240000   0.000000  -0.99E+02   0.240000   0.017021      9      0
 2.2535E+04  14.521537   4.127451   2.974984   2.592161  -9.762084   0.000000   0.000000   0.000000  1.110E-16  0.000E+00 -0.108E-05    lgRho_cntr
                                  radius       18.6653856473979154

        290   7.040986  1.609E+04  -1.952482  -1.952482  11.999658  11.999658   0.760000   0.000000   0.240000   0.760000  -6.694506    435      1
   2.482648  -0.362796   1.195883 -55.990759  -3.351850  -9.645528   0.000000   0.240000   0.000000  -0.99E+02   0.240000   0.016890     10      0
 2.5264E+04  14.818751   4.171466   3.125291   2.792178  -9.621744   0.000000   0.000000   0.000000 -2.220E-16  4.441E-16 -0.749E-06  max increase
                                  radius       15.6994148075141631


__________________________________________________________________________________________________________________________________________________

       step    lg_Tcntr    Teff     lg_LH       lg_Lnuc     Mass       H_rich     H_cntr     N_cntr     Y_surf     X_avg     eta_cntr  zones retry
   lg_dt_yr    lg_Dcntr    lg_R     lg_L3a      lg_Lneu     lg_Mdot    He_core    He_cntr    O_cntr     lg_Z_surf  Y_avg     gam_cntr  iters bckup
     age_yr    lg_Pcntr    lg_L     lg_gsurf    lg_Psurf    lg_Dsurf   C_core     C_cntr     Ne_cntr    Z_cntr     Z_avg     v_div_cs     dt_limit
__________________________________________________________________________________________________________________________________________________

        300   7.121870  1.808E+04  -1.334142  -1.334142  11.999657  11.999657   0.760000   0.000000   0.240000   0.760000  -6.445077    436      1
   2.470654  -0.133659   1.111549 -51.197385  -2.748637  -9.511556   0.000000   0.240000   0.000000  -0.99E+02   0.240000   0.016715      9      0
 2.8421E+04  15.129555   4.205778   3.293960   2.996597  -9.470760   0.000000   0.000000   0.000000 -2.220E-16  3.331E-16 -0.404E-06    lgRho_cntr
                                  radius       12.9285277236802578

save LOGS/profile6.data for model 300
save photos/x300 for model 300
        310   7.203319  2.031E+04  -0.603458  -0.603458  11.999656  11.999656   0.760000   0.000000   0.240000   0.760000  -6.196516    439      1
   2.584065   0.096540   1.022475 -46.618788  -2.133274  -9.404167   0.000000   0.240000   0.000000  -0.16E+02   0.240000   0.016535      9      0
 3.2017E+04  15.442051   4.229528   3.472108   3.198724  -9.319477   0.000000   0.000000   0.000000 -2.220E-16  3.331E-16 -0.225E-06    lgRho_cntr
                                  radius       10.5311320052932516

        320   7.280542  2.265E+04   0.437696   0.437696  11.999654  11.999654   0.760000   0.000000   0.240000   0.760000  -5.955978    443      1
   2.648865   0.316482   0.935296 -42.483867  -1.353805  -9.319187   0.000000   0.240000   0.000000  -0.16E+02   0.240000   0.016387      9      0
 3.5954E+04  15.739945   4.244131   3.646467   3.386413  -9.179344   0.000000   0.000000   0.000000  0.000E+00  4.441E-16 -0.112E-06  max increase
                                  radius        8.6157994130556510

        330   7.359341  2.525E+04   1.683274   1.683274  11.999654  11.999654   0.760001   0.000000   0.240000   0.760000  -5.706975    446      1
